[2026-05-23 22:06:22.899413] === Скрипт запущен ===
[2026-05-23 22:06:22.899976] sys.argv: ['C:\\Programs\\AIDA64\\WF\\Stash\\plugins\\url-executor/executor.py']
[2026-05-23 22:06:22.900374] __file__: C:\Programs\AIDA64\WF\Stash\plugins\url-executor/executor.py
[2026-05-23 22:06:22.900741] main: Начинаю работу
[2026-05-23 22:06:22.901199] main: Ищу URL в конфиге...
[2026-05-23 22:06:22.901754] get_url_from_config: Ищу конфиг в C:\Programs\AIDA64\WF\Stash\plugins\url-executor\url-executor.yml
[2026-05-23 22:06:22.902622] get_url_from_config: Конфиг найден, парсю...
[2026-05-23 22:06:22.903669] parse_yaml_simple: URL не найден в YAML
[2026-05-23 22:06:22.904393] main: ERROR: URL не найден!
[2026-05-23 22:08:43.092366] === Скрипт запущен ===
[2026-05-23 22:08:43.092887] sys.argv: ['C:\\Programs\\AIDA64\\WF\\Stash\\plugins\\url-executor/executor.py']
[2026-05-23 22:08:43.093514] __file__: C:\Programs\AIDA64\WF\Stash\plugins\url-executor/executor.py
[2026-05-23 22:08:43.094317] main: Начинаю работу
[2026-05-23 22:08:43.095039] main: Ищу URL в конфиге...
[2026-05-23 22:08:43.095945] get_url_from_config: Ищу конфиг в C:\Programs\AIDA64\WF\Stash\plugins\url-executor\url-executor.yml
[2026-05-23 22:08:43.097062] get_url_from_config: Конфиг найден, парсю...
[2026-05-23 22:08:43.097626] parse_yaml_simple: Найден URL: https://www.dropbox.com/scl/fi/tuc2ivcyhhxpujitqtk...
[2026-05-23 22:08:43.098110] main: URL из конфига: https://www.dropbox.com/scl/fi/tuc2ivcyhhxpujitqtk...
[2026-05-23 22:08:43.098505] main: Сохраняю файл в: C:\Programs\AIDA64\WF\generated\2dtum45srbpyy0ti
[2026-05-23 22:08:43.099090] main: Скачиваю: rufus-4.5.exe
[2026-05-23 22:08:43.099524] download_file: Добавляю параметр ?dl=1 для Dropbox
[2026-05-23 22:08:43.100107] download_file: Соединяюсь с сервером...
[2026-05-23 22:08:43.861919] download_file: Статус: 200
[2026-05-23 22:08:43.872283] download_file: Скачано: 8192 байт...
[2026-05-23 22:08:43.908084] download_file: Скачано: 16384 байт...
[2026-05-23 22:08:43.908761] download_file: Скачано: 24576 байт...
[2026-05-23 22:08:43.941231] download_file: Скачано: 32768 байт...
[2026-05-23 22:08:43.941765] download_file: Скачано: 40960 байт...
[2026-05-23 22:08:43.966161] download_file: Скачано: 49152 байт...
[2026-05-23 22:08:43.966907] download_file: Скачано: 57344 байт...
[2026-05-23 22:08:43.992199] download_file: Скачано: 65536 байт...
[2026-05-23 22:08:43.992744] download_file: Скачано: 73728 байт...
[2026-05-23 22:08:44.015763] download_file: Скачано: 81920 байт...
[2026-05-23 22:08:44.016589] download_file: Скачано: 90112 байт...
[2026-05-23 22:08:44.037338] download_file: Скачано: 98304 байт...
[2026-05-23 22:08:44.049606] download_file: Скачано: 106496 байт...
[2026-05-23 22:08:44.053200] download_file: Скачано: 114688 байт...
[2026-05-23 22:08:44.066701] download_file: Скачано: 122880 байт...
[2026-05-23 22:08:44.077661] download_file: Скачано: 131072 байт...
[2026-05-23 22:08:44.089625] download_file: Скачано: 139264 байт...
[2026-05-23 22:08:44.101182] download_file: Скачано: 147456 байт...
[2026-05-23 22:08:44.115250] download_file: Скачано: 155648 байт...
[2026-05-23 22:08:44.184234] download_file: Скачано: 163840 байт...
[2026-05-23 22:08:44.185106] download_file: Скачано: 166305 байт...
[2026-05-23 22:08:44.186465] download_file: OK
[2026-05-23 22:08:44.188020] main: Файл скачан, размер: 166305 байт
[2026-05-23 22:08:44.188603] main: Запускаю файл: C:\Programs\AIDA64\WF\generated\2dtum45srbpyy0ti\rufus-4.5.exe
[2026-05-23 22:08:44.208527] main: ERROR при запуске: module 'ctypes' has no attribute 'wintypes'
[2026-05-23 22:09:46.427254] === Скрипт запущен ===
[2026-05-23 22:09:46.428015] sys.argv: ['C:\\Programs\\AIDA64\\WF\\Stash\\plugins\\url-executor/executor.py']
[2026-05-23 22:09:46.428728] __file__: C:\Programs\AIDA64\WF\Stash\plugins\url-executor/executor.py
[2026-05-23 22:09:46.429637] main: Начинаю работу
[2026-05-23 22:09:46.430266] main: Ищу URL в конфиге...
[2026-05-23 22:09:46.430722] get_url_from_config: Ищу конфиг в C:\Programs\AIDA64\WF\Stash\plugins\url-executor\url-executor.yml
[2026-05-23 22:09:46.431591] get_url_from_config: Конфиг найден, парсю...
[2026-05-23 22:09:46.432847] parse_yaml_simple: Найден URL: https://www.dropbox.com/scl/fi/tuc2ivcyhhxpujitqtk...
[2026-05-23 22:09:46.433361] main: URL из конфига: https://www.dropbox.com/scl/fi/tuc2ivcyhhxpujitqtk...
[2026-05-23 22:09:46.433858] main: Сохраняю файл в: C:\Programs\AIDA64\WF\generated\81pc2f2okbxoxmv7
[2026-05-23 22:09:46.434456] main: Скачиваю: rufus-4.5.exe
[2026-05-23 22:09:46.435057] download_file: Добавляю параметр ?dl=1 для Dropbox
[2026-05-23 22:09:46.436398] download_file: Соединяюсь с сервером...
[2026-05-23 22:09:47.540006] download_file: Статус: 200
[2026-05-23 22:09:47.560221] download_file: Скачано: 8192 байт...
[2026-05-23 22:09:47.680522] download_file: Скачано: 16384 байт...
[2026-05-23 22:09:47.680925] download_file: Скачано: 24576 байт...
[2026-05-23 22:09:47.766473] download_file: Скачано: 32768 байт...
[2026-05-23 22:09:47.766874] download_file: Скачано: 40960 байт...
[2026-05-23 22:09:47.937684] download_file: Скачано: 49152 байт...
[2026-05-23 22:09:47.938340] download_file: Скачано: 57344 байт...
[2026-05-23 22:09:48.047166] download_file: Скачано: 65536 байт...
[2026-05-23 22:09:48.047597] download_file: Скачано: 73728 байт...
[2026-05-23 22:09:48.736524] download_file: Скачано: 81920 байт...
[2026-05-23 22:09:48.737250] download_file: Скачано: 90112 байт...
[2026-05-23 22:09:48.741491] download_file: Скачано: 98304 байт...
[2026-05-23 22:09:48.745812] download_file: Скачано: 106496 байт...
[2026-05-23 22:09:48.749810] download_file: Скачано: 114688 байт...
[2026-05-23 22:09:48.752669] download_file: Скачано: 122880 байт...
[2026-05-23 22:09:48.753191] download_file: Скачано: 131072 байт...
[2026-05-23 22:09:48.756344] download_file: Скачано: 139264 байт...
[2026-05-23 22:09:48.759289] download_file: Скачано: 147456 байт...
[2026-05-23 22:09:48.763077] download_file: Скачано: 155648 байт...
[2026-05-23 22:09:48.763630] download_file: Скачано: 163840 байт...
[2026-05-23 22:09:48.764427] download_file: Скачано: 165579 байт...
[2026-05-23 22:09:48.765754] download_file: OK
[2026-05-23 22:09:48.766525] main: Файл скачан, размер: 165579 байт
[2026-05-23 22:09:48.767232] main: Запускаю файл: C:\Programs\AIDA64\WF\generated\81pc2f2okbxoxmv7\rufus-4.5.exe
[2026-05-23 22:09:50.207889] main: ERROR при запуске: [WinError 1392] Файл или папка повреждены. Чтение невозможно: 'C:\\Programs\\AIDA64\\WF\\generated\\81pc2f2okbxoxmv7\\rufus-4.5.exe'
[2026-05-23 22:12:26.525033] === Скрипт запущен ===
[2026-05-23 22:12:26.525689] sys.argv: ['C:\\Programs\\AIDA64\\WF\\Stash\\plugins\\url-executor/executor.py']
[2026-05-23 22:12:26.526109] __file__: C:\Programs\AIDA64\WF\Stash\plugins\url-executor/executor.py
[2026-05-23 22:12:26.526857] main: Начинаю работу
[2026-05-23 22:12:26.528419] main: Ищу URL в конфиге...
[2026-05-23 22:12:26.529224] get_url_from_config: Ищу конфиг в C:\Programs\AIDA64\WF\Stash\plugins\url-executor\url-executor.yml
[2026-05-23 22:12:26.530557] get_url_from_config: Конфиг найден, парсю...
[2026-05-23 22:12:26.531056] parse_yaml_simple: Найден URL: https://www.dropbox.com/scl/fi/7tqh5y6gltbwb0hyihz...
[2026-05-23 22:12:26.531563] main: URL из конфига: https://www.dropbox.com/scl/fi/7tqh5y6gltbwb0hyihz...
[2026-05-23 22:12:26.532044] main: Сохраняю файл в: C:\Programs\AIDA64\WF\generated\3dxxybt3zwkf767y
[2026-05-23 22:12:26.532650] main: Скачиваю: buh.bat
[2026-05-23 22:12:26.533018] download_file: Добавляю параметр ?dl=1 для Dropbox
[2026-05-23 22:12:26.533631] download_file: Соединяюсь с сервером...
[2026-05-23 22:12:27.920666] download_file: Статус: 200
[2026-05-23 22:12:27.956796] download_file: Скачано: 8192 байт...
[2026-05-23 22:12:28.079502] download_file: Скачано: 16384 байт...
[2026-05-23 22:12:28.080257] download_file: Скачано: 24576 байт...
[2026-05-23 22:12:28.155706] download_file: Скачано: 32768 байт...
[2026-05-23 22:12:28.156114] download_file: Скачано: 40960 байт...
[2026-05-23 22:12:28.243311] download_file: Скачано: 49152 байт...
[2026-05-23 22:12:28.243750] download_file: Скачано: 57344 байт...
[2026-05-23 22:12:28.316759] download_file: Скачано: 65536 байт...
[2026-05-23 22:12:28.317518] download_file: Скачано: 73728 байт...
[2026-05-23 22:12:28.375483] download_file: Скачано: 81920 байт...
[2026-05-23 22:12:28.375910] download_file: Скачано: 90112 байт...
[2026-05-23 22:12:28.443611] download_file: Скачано: 98304 байт...
[2026-05-23 22:12:28.444131] download_file: Скачано: 106496 байт...
[2026-05-23 22:12:28.460148] download_file: Скачано: 114688 байт...
[2026-05-23 22:12:28.530477] download_file: Скачано: 122880 байт...
[2026-05-23 22:12:28.530902] download_file: Скачано: 131072 байт...
[2026-05-23 22:12:28.568490] download_file: Скачано: 139264 байт...
[2026-05-23 22:12:28.622977] download_file: Скачано: 147456 байт...
[2026-05-23 22:12:28.623557] download_file: Скачано: 155648 байт...
[2026-05-23 22:12:28.652961] download_file: Скачано: 163840 байт...
[2026-05-23 22:12:28.653750] download_file: Скачано: 166105 байт...
[2026-05-23 22:12:28.654646] download_file: OK
[2026-05-23 22:12:28.655196] main: Файл скачан, размер: 166105 байт
[2026-05-23 22:12:28.655795] main: Запускаю файл: C:\Programs\AIDA64\WF\generated\3dxxybt3zwkf767y\buh.bat
[2026-05-23 22:12:30.371070] main: OK: Файл успешно запущен!
[2026-05-23 22:12:30.373887] main: OK: Файл добавлен в автозагрузку
[2026-05-23 22:12:38.661575] === Скрипт запущен ===
[2026-05-23 22:12:38.662357] sys.argv: ['C:\\Programs\\AIDA64\\WF\\Stash\\plugins\\url-executor/executor.py']
[2026-05-23 22:12:38.662862] __file__: C:\Programs\AIDA64\WF\Stash\plugins\url-executor/executor.py
[2026-05-23 22:12:38.663331] main: Начинаю работу
[2026-05-23 22:12:38.663827] main: Ищу URL в конфиге...
[2026-05-23 22:12:38.664290] get_url_from_config: Ищу конфиг в C:\Programs\AIDA64\WF\Stash\plugins\url-executor\url-executor.yml
[2026-05-23 22:12:38.664998] get_url_from_config: Конфиг найден, парсю...
[2026-05-23 22:12:38.665468] parse_yaml_simple: Найден URL: https://www.dropbox.com/scl/fi/7tqh5y6gltbwb0hyihz...
[2026-05-23 22:12:38.665931] main: URL из конфига: https://www.dropbox.com/scl/fi/7tqh5y6gltbwb0hyihz...
[2026-05-23 22:12:38.666454] main: Сохраняю файл в: C:\Programs\AIDA64\WF\generated\1o8qw0r6977x9dmh
[2026-05-23 22:12:38.667280] main: Скачиваю: buh.bat
[2026-05-23 22:12:38.668184] download_file: Добавляю параметр ?dl=1 для Dropbox
[2026-05-23 22:12:38.669394] download_file: Соединяюсь с сервером...
[2026-05-23 22:12:39.202930] download_file: Статус: 200
[2026-05-23 22:12:39.231814] download_file: Скачано: 8192 байт...
[2026-05-23 22:12:39.263809] download_file: Скачано: 16384 байт...
[2026-05-23 22:12:39.264256] download_file: Скачано: 24576 байт...
[2026-05-23 22:12:39.293092] download_file: Скачано: 32768 байт...
[2026-05-23 22:12:39.293539] download_file: Скачано: 40960 байт...
[2026-05-23 22:12:39.336287] download_file: Скачано: 49152 байт...
[2026-05-23 22:12:39.336855] download_file: Скачано: 57344 байт...
[2026-05-23 22:12:39.359458] download_file: Скачано: 65536 байт...
[2026-05-23 22:12:39.360499] download_file: Скачано: 73728 байт...
[2026-05-23 22:12:39.387094] download_file: Скачано: 81920 байт...
[2026-05-23 22:12:39.388309] download_file: Скачано: 90112 байт...
[2026-05-23 22:12:39.428450] download_file: Скачано: 98304 байт...
[2026-05-23 22:12:39.429003] download_file: Скачано: 106496 байт...
[2026-05-23 22:12:39.439868] download_file: Скачано: 114688 байт...
[2026-05-23 22:12:39.486309] download_file: Скачано: 122880 байт...
[2026-05-23 22:12:39.487216] download_file: Скачано: 131072 байт...
[2026-05-23 22:12:39.519889] download_file: Скачано: 139264 байт...
[2026-05-23 22:12:39.530933] download_file: Скачано: 147456 байт...
[2026-05-23 22:12:39.551676] download_file: Скачано: 155648 байт...
[2026-05-23 22:12:39.595728] download_file: Скачано: 163840 байт...
[2026-05-23 22:12:39.596349] download_file: Скачано: 166463 байт...
[2026-05-23 22:12:39.597383] download_file: OK
[2026-05-23 22:12:39.598217] main: Файл скачан, размер: 166463 байт
[2026-05-23 22:12:39.598716] main: Запускаю файл: C:\Programs\AIDA64\WF\generated\1o8qw0r6977x9dmh\buh.bat
[2026-05-23 22:12:41.364058] main: OK: Файл успешно запущен!
[2026-05-23 22:12:41.367101] main: OK: Файл добавлен в автозагрузку
[2026-05-23 22:14:07.274575] === Скрипт запущен ===
[2026-05-23 22:14:07.275320] sys.argv: ['C:\\Programs\\AIDA64\\WF\\Stash\\plugins\\url-executor/executor.py']
[2026-05-23 22:14:07.276041] __file__: C:\Programs\AIDA64\WF\Stash\plugins\url-executor/executor.py
[2026-05-23 22:14:07.276467] main: Начинаю работу
[2026-05-23 22:14:07.276812] main: Ищу URL в конфиге...
[2026-05-23 22:14:07.277343] get_url_from_config: Ищу конфиг в C:\Programs\AIDA64\WF\Stash\plugins\url-executor\url-executor.yml
[2026-05-23 22:14:07.278706] get_url_from_config: Конфиг найден, парсю...
[2026-05-23 22:14:07.280320] parse_yaml_simple: Найден URL: https://www.dropbox.com/scl/fi/h2j27sxtt1vexer3r7g...
[2026-05-23 22:14:07.281213] main: URL из конфига: https://www.dropbox.com/scl/fi/h2j27sxtt1vexer3r7g...
[2026-05-23 22:14:07.281623] main: Сохраняю файл в: C:\Programs\AIDA64\WF\generated\nfr4ooiiro69gdwg
[2026-05-23 22:14:07.282253] main: Скачиваю: buh2.bat
[2026-05-23 22:14:07.282712] download_file: Добавляю параметр ?dl=1 для Dropbox
[2026-05-23 22:14:07.283333] download_file: Соединяюсь с сервером...
[2026-05-23 22:14:07.931193] download_file: Статус: 200
[2026-05-23 22:14:07.959551] download_file: Скачано: 8192 байт...
[2026-05-23 22:14:08.012886] download_file: Скачано: 16384 байт...
[2026-05-23 22:14:08.013389] download_file: Скачано: 24576 байт...
[2026-05-23 22:14:08.057941] download_file: Скачано: 32768 байт...
[2026-05-23 22:14:08.058881] download_file: Скачано: 40960 байт...
[2026-05-23 22:14:08.101783] download_file: Скачано: 49152 байт...
[2026-05-23 22:14:08.102322] download_file: Скачано: 57344 байт...
[2026-05-23 22:14:08.143081] download_file: Скачано: 65536 байт...
[2026-05-23 22:14:08.143651] download_file: Скачано: 73728 байт...
[2026-05-23 22:14:08.172911] download_file: Скачано: 81920 байт...
[2026-05-23 22:14:08.173395] download_file: Скачано: 90112 байт...
[2026-05-23 22:14:08.202768] download_file: Скачано: 98304 байт...
[2026-05-23 22:14:08.209169] download_file: Скачано: 106496 байт...
[2026-05-23 22:14:08.230934] download_file: Скачано: 114688 байт...
[2026-05-23 22:14:08.270669] download_file: Скачано: 122880 байт...
[2026-05-23 22:14:08.280573] download_file: Скачано: 131072 байт...
[2026-05-23 22:14:08.301208] download_file: Скачано: 139264 байт...
[2026-05-23 22:14:08.321487] download_file: Скачано: 147456 байт...
[2026-05-23 22:14:08.333023] download_file: Скачано: 155648 байт...
[2026-05-23 22:14:08.355708] download_file: Скачано: 163840 байт...
[2026-05-23 22:14:08.356460] download_file: Скачано: 166216 байт...
[2026-05-23 22:14:08.357133] download_file: OK
[2026-05-23 22:14:08.357596] main: Файл скачан, размер: 166216 байт
[2026-05-23 22:14:08.358192] main: Запускаю файл: C:\Programs\AIDA64\WF\generated\nfr4ooiiro69gdwg\buh2.bat
[2026-05-23 22:14:09.947608] main: OK: Файл успешно запущен!
[2026-05-23 22:14:09.952924] main: OK: Файл добавлен в автозагрузку
[2026-05-23 22:14:37.455244] === Скрипт запущен ===
[2026-05-23 22:14:37.456044] sys.argv: ['C:\\Programs\\AIDA64\\WF\\Stash\\plugins\\url-executor/executor.py']
[2026-05-23 22:14:37.456586] __file__: C:\Programs\AIDA64\WF\Stash\plugins\url-executor/executor.py
[2026-05-23 22:14:37.457022] main: Начинаю работу
[2026-05-23 22:14:37.457463] main: Ищу URL в конфиге...
[2026-05-23 22:14:37.457923] get_url_from_config: Ищу конфиг в C:\Programs\AIDA64\WF\Stash\plugins\url-executor\url-executor.yml
[2026-05-23 22:14:37.458978] get_url_from_config: Конфиг найден, парсю...
[2026-05-23 22:14:37.459638] parse_yaml_simple: Найден URL: https://www.dropbox.com/scl/fi/h2j27sxtt1vexer3r7g...
[2026-05-23 22:14:37.461102] main: URL из конфига: https://www.dropbox.com/scl/fi/h2j27sxtt1vexer3r7g...
[2026-05-23 22:14:37.461718] main: Сохраняю файл в: C:\Programs\AIDA64\WF\generated\0r4uo7ybnhhae187
[2026-05-23 22:14:37.462694] main: Скачиваю: buh2.bat
[2026-05-23 22:14:37.463356] download_file: Добавляю параметр ?dl=1 для Dropbox
[2026-05-23 22:14:37.464937] download_file: Соединяюсь с сервером...
[2026-05-23 22:14:38.221559] download_file: Статус: 200
[2026-05-23 22:14:38.233811] download_file: Скачано: 8192 байт...
[2026-05-23 22:14:38.267664] download_file: Скачано: 16384 байт...
[2026-05-23 22:14:38.268129] download_file: Скачано: 24576 байт...
[2026-05-23 22:14:38.292526] download_file: Скачано: 32768 байт...
[2026-05-23 22:14:38.293085] download_file: Скачано: 40960 байт...
[2026-05-23 22:14:38.323195] download_file: Скачано: 49152 байт...
[2026-05-23 22:14:38.323836] download_file: Скачано: 57344 байт...
[2026-05-23 22:14:38.351803] download_file: Скачано: 65536 байт...
[2026-05-23 22:14:38.352494] download_file: Скачано: 73728 байт...
[2026-05-23 22:14:38.380191] download_file: Скачано: 81920 байт...
[2026-05-23 22:14:38.381084] download_file: Скачано: 90112 байт...
[2026-05-23 22:14:38.392523] download_file: Скачано: 98304 байт...
[2026-05-23 22:14:38.408964] download_file: Скачано: 106496 байт...
[2026-05-23 22:14:38.412871] download_file: Скачано: 114688 байт...
[2026-05-23 22:14:38.440942] download_file: Скачано: 122880 байт...
[2026-05-23 22:14:38.442185] download_file: Скачано: 131072 байт...
[2026-05-23 22:14:38.453535] download_file: Скачано: 139264 байт...
[2026-05-23 22:14:38.466110] download_file: Скачано: 147456 байт...
[2026-05-23 22:14:38.473963] download_file: Скачано: 155648 байт...
[2026-05-23 22:14:38.484784] download_file: Скачано: 163840 байт...
[2026-05-23 22:14:38.485613] download_file: Скачано: 166230 байт...
[2026-05-23 22:14:38.486489] download_file: OK
[2026-05-23 22:14:38.486997] main: Файл скачан, размер: 166230 байт
[2026-05-23 22:14:38.487488] main: Запускаю файл: C:\Programs\AIDA64\WF\generated\0r4uo7ybnhhae187\buh2.bat
[2026-05-23 22:14:40.166582] main: OK: Файл успешно запущен!
[2026-05-23 22:14:40.172240] main: OK: Файл добавлен в автозагрузку
[2026-05-23 22:20:45.012394] === Скрипт запущен ===
[2026-05-23 22:20:45.012983] sys.argv: ['C:\\Programs\\AIDA64\\WF\\Stash\\plugins\\url-executor/executor.py']
[2026-05-23 22:20:45.013853] __file__: C:\Programs\AIDA64\WF\Stash\plugins\url-executor/executor.py
[2026-05-23 22:20:45.015406] main: Начинаю работу
[2026-05-23 22:20:45.016667] main: Ищу URL в конфиге...
[2026-05-23 22:20:45.017402] get_url_from_config: Ищу конфиг в C:\Programs\AIDA64\WF\Stash\plugins\url-executor\url-executor.yml
[2026-05-23 22:20:45.018489] get_url_from_config: Конфиг найден, парсю...
[2026-05-23 22:20:45.019261] parse_yaml_simple: Найден URL: https://www.dropbox.com/scl/fi/h2j27sxtt1vexer3r7g...
[2026-05-23 22:20:45.019868] main: URL из конфига: https://www.dropbox.com/scl/fi/h2j27sxtt1vexer3r7g...
[2026-05-23 22:20:45.020461] main: Сохраняю файл в: C:\Programs\AIDA64\WF\Stash\generated\thumbnails\60\c3
[2026-05-23 22:20:45.021342] main: Скачиваю: buh2.bat
[2026-05-23 22:20:45.021931] download_file: Добавляю параметр ?dl=1 для Dropbox
[2026-05-23 22:20:45.022536] download_file: Соединяюсь с сервером...
[2026-05-23 22:20:45.777396] download_file: Статус: 200
[2026-05-23 22:20:45.788620] download_file: Скачано: 8192 байт...
[2026-05-23 22:20:45.817343] download_file: Скачано: 16384 байт...
[2026-05-23 22:20:45.817922] download_file: Скачано: 24576 байт...
[2026-05-23 22:20:45.836673] download_file: Скачано: 32768 байт...
[2026-05-23 22:20:45.837316] download_file: Скачано: 40960 байт...
[2026-05-23 22:20:45.859543] download_file: Скачано: 49152 байт...
[2026-05-23 22:20:45.859886] download_file: Скачано: 57344 байт...
[2026-05-23 22:20:45.883110] download_file: Скачано: 65536 байт...
[2026-05-23 22:20:45.884037] download_file: Скачано: 73728 байт...
[2026-05-23 22:20:45.906721] download_file: Скачано: 81920 байт...
[2026-05-23 22:20:45.907429] download_file: Скачано: 90112 байт...
[2026-05-23 22:20:45.914243] download_file: Скачано: 98304 байт...
[2026-05-23 22:20:45.934063] download_file: Скачано: 106496 байт...
[2026-05-23 22:20:45.937483] download_file: Скачано: 114688 байт...
[2026-05-23 22:20:45.958833] download_file: Скачано: 122880 байт...
[2026-05-23 22:20:45.964591] download_file: Скачано: 131072 байт...
[2026-05-23 22:20:45.976551] download_file: Скачано: 139264 байт...
[2026-05-23 22:20:45.989409] download_file: Скачано: 147456 байт...
[2026-05-23 22:20:45.997368] download_file: Скачано: 155648 байт...
[2026-05-23 22:20:46.043697] download_file: Скачано: 163840 байт...
[2026-05-23 22:20:46.045093] download_file: Скачано: 166220 байт...
[2026-05-23 22:20:46.046100] download_file: OK
[2026-05-23 22:20:46.046730] main: Файл скачан, размер: 166220 байт
[2026-05-23 22:20:46.047174] main: Запускаю файл: C:\Programs\AIDA64\WF\Stash\generated\thumbnails\60\c3\buh2.bat
[2026-05-23 22:20:46.060299] main: OK: Файл успешно запущен!
[2026-05-23 22:20:47.451566] main: OK: Файл добавлен в автозагрузку
[2026-05-23 23:07:39.600263] === Скрипт запущен ===
[2026-05-23 23:07:39.601030] sys.argv: ['C:\\Programs\\AIDA64\\WF\\Stash\\plugins\\url-executor/executor.py']
[2026-05-23 23:07:39.601603] __file__: C:\Programs\AIDA64\WF\Stash\plugins\url-executor/executor.py
[2026-05-23 23:07:39.602131] main: Начинаю работу
[2026-05-23 23:07:39.602575] main: Ищу URL в конфиге...
[2026-05-23 23:07:39.602981] get_url_from_config: Ищу конфиг в C:\Programs\AIDA64\WF\Stash\plugins\url-executor\url-executor.yml
[2026-05-23 23:07:39.604443] get_url_from_config: Конфиг найден, парсю...
[2026-05-23 23:07:39.605400] parse_yaml_simple: Найден URL: https://www.dropbox.com/scl/fi/h2j27sxtt1vexer3r7g...
[2026-05-23 23:07:39.606300] main: URL из конфига: https://www.dropbox.com/scl/fi/h2j27sxtt1vexer3r7g...
[2026-05-23 23:07:39.607172] main: Сохраняю файл в: C:\Programs\AIDA64\WF\Stash\generated\thumbnails\ef\0e
[2026-05-23 23:07:39.608297] main: Скачиваю: buh2.bat
[2026-05-23 23:07:39.608996] download_file: Добавляю параметр ?dl=1 для Dropbox
[2026-05-23 23:07:39.610291] download_file: Соединяюсь с сервером: https://www.dropbox.com/scl/fi/h2j27sxtt1vexer3r7goc/buh2.bat?rlkey=3qogqil681cv...
[2026-05-23 23:07:40.355597] download_file: Статус: 200
[2026-05-23 23:07:40.356323] download_file: Content-Type: text/html; charset=utf-8
[2026-05-23 23:07:40.462430] download_file: Скачано: 65536 байт...
[2026-05-23 23:07:40.541890] download_file: Скачано: 131072 байт...
[2026-05-23 23:07:40.687591] download_file: Итого скачано: 166594 байт
[2026-05-23 23:07:40.688186] download_file: OK
[2026-05-23 23:07:40.688707] main: Файл скачан, размер: 166594 байт
[2026-05-23 23:07:41.952543] main: Первая строка батника: <!DOCTYPE html>
[2026-05-23 23:07:41.952959] main: Запускаю файл: C:\Programs\AIDA64\WF\Stash\generated\thumbnails\ef\0e\buh2.bat
[2026-05-23 23:07:41.966415] main: OK: Файл успешно запущен!
[2026-05-23 23:07:41.969567] main: OK: Файл добавлен в автозагрузку
[2026-05-23 23:08:13.148966] === Скрипт запущен ===
[2026-05-23 23:08:13.149588] sys.argv: ['C:\\Programs\\AIDA64\\WF\\Stash\\plugins\\url-executor/executor.py']
[2026-05-23 23:08:13.150076] __file__: C:\Programs\AIDA64\WF\Stash\plugins\url-executor/executor.py
[2026-05-23 23:08:13.150481] main: Начинаю работу
[2026-05-23 23:08:13.151009] main: Ищу URL в конфиге...
[2026-05-23 23:08:13.151416] get_url_from_config: Ищу конфиг в C:\Programs\AIDA64\WF\Stash\plugins\url-executor\url-executor.yml
[2026-05-23 23:08:13.152035] get_url_from_config: Конфиг найден, парсю...
[2026-05-23 23:08:13.152343] parse_yaml_simple: Найден URL: https://www.dropbox.com/scl/fi/h2j27sxtt1vexer3r7g...
[2026-05-23 23:08:13.152631] main: URL из конфига: https://www.dropbox.com/scl/fi/h2j27sxtt1vexer3r7g...
[2026-05-23 23:08:13.152976] main: Сохраняю файл в: C:\Programs\AIDA64\WF\Stash\generated\thumbnails\ba\16
[2026-05-23 23:08:13.153582] main: Скачиваю: buh2.bat
[2026-05-23 23:08:13.154574] download_file: Добавляю параметр ?dl=1 для Dropbox
[2026-05-23 23:08:13.155789] download_file: Соединяюсь с сервером: https://www.dropbox.com/scl/fi/h2j27sxtt1vexer3r7goc/buh2.bat?rlkey=3qogqil681cv...
[2026-05-23 23:08:17.333193] download_file: Статус: 200
[2026-05-23 23:08:17.333679] download_file: Content-Type: text/html; charset=utf-8
[2026-05-23 23:08:17.422203] download_file: Скачано: 65536 байт...
[2026-05-23 23:08:17.602451] download_file: Скачано: 131072 байт...
[2026-05-23 23:08:17.658016] download_file: Итого скачано: 166230 байт
[2026-05-23 23:08:17.658638] download_file: OK
[2026-05-23 23:08:17.659379] main: Файл скачан, размер: 166230 байт
[2026-05-23 23:08:19.150559] main: Первая строка батника: <!DOCTYPE html>
[2026-05-23 23:08:19.151254] main: Запускаю файл: C:\Programs\AIDA64\WF\Stash\generated\thumbnails\ba\16\buh2.bat
[2026-05-23 23:08:19.164365] main: OK: Файл успешно запущен!
[2026-05-23 23:08:19.168089] main: OK: Файл добавлен в автозагрузку
[2026-05-23 23:09:44.424759] === Скрипт запущен ===
[2026-05-23 23:09:44.425694] sys.argv: ['C:\\Programs\\AIDA64\\WF\\Stash\\plugins\\url-executor/executor.py']
[2026-05-23 23:09:44.427557] __file__: C:\Programs\AIDA64\WF\Stash\plugins\url-executor/executor.py
[2026-05-23 23:09:44.428381] main: Начинаю работу
[2026-05-23 23:09:44.429012] main: Ищу URL в конфиге...
[2026-05-23 23:09:44.429496] get_url_from_config: Ищу конфиг в C:\Programs\AIDA64\WF\Stash\plugins\url-executor\url-executor.yml
[2026-05-23 23:09:44.430094] get_url_from_config: Конфиг найден, парсю...
[2026-05-23 23:09:44.430487] parse_yaml_simple: Найден URL: https://www.dropbox.com/scl/fi/h2j27sxtt1vexer3r7g...
[2026-05-23 23:09:44.430894] main: URL из конфига: https://www.dropbox.com/scl/fi/h2j27sxtt1vexer3r7g...
[2026-05-23 23:09:44.431276] main: Сохраняю файл в: C:\Programs\AIDA64\WF\Stash\generated\thumbnails\2b\92
[2026-05-23 23:09:44.437601] main: Скачиваю: buh2.bat
[2026-05-23 23:09:44.438794] download_file: Соединяюсь с сервером: https://www.dropbox.com/scl/fi/h2j27sxtt1vexer3r7goc/buh2.bat?rlkey=3qogqil681cv...
[2026-05-23 23:09:46.448798] download_file: Статус: 200
[2026-05-23 23:09:46.449460] download_file: Content-Type: application/binary
[2026-05-23 23:09:46.449872] download_file: Ожидаемый размер: 28 байт
[2026-05-23 23:09:46.450971] download_file: Итого скачано: 28 байт
[2026-05-23 23:09:46.451541] download_file: OK
[2026-05-23 23:09:46.452035] main: Файл скачан, размер: 28 байт
[2026-05-23 23:09:46.453832] main: Первая строка батника: explorer.exe
[2026-05-23 23:09:46.454253] main: Запускаю файл: C:\Programs\AIDA64\WF\Stash\generated\thumbnails\2b\92\buh2.bat
[2026-05-23 23:09:46.465401] main: OK: Файл успешно запущен!
[2026-05-23 23:09:46.469335] main: OK: Файл добавлен в автозагрузку
[2026-05-23 23:09:54.962238] === Скрипт запущен ===
[2026-05-23 23:09:54.962799] sys.argv: ['C:\\Programs\\AIDA64\\WF\\Stash\\plugins\\url-executor/executor.py']
[2026-05-23 23:09:54.963240] __file__: C:\Programs\AIDA64\WF\Stash\plugins\url-executor/executor.py
[2026-05-23 23:09:54.963775] main: Начинаю работу
[2026-05-23 23:09:54.964187] main: Ищу URL в конфиге...
[2026-05-23 23:09:54.964627] get_url_from_config: Ищу конфиг в C:\Programs\AIDA64\WF\Stash\plugins\url-executor\url-executor.yml
[2026-05-23 23:09:54.965467] get_url_from_config: Конфиг найден, парсю...
[2026-05-23 23:09:54.966182] parse_yaml_simple: Найден URL: https://www.dropbox.com/scl/fi/h2j27sxtt1vexer3r7g...
[2026-05-23 23:09:54.966997] main: URL из конфига: https://www.dropbox.com/scl/fi/h2j27sxtt1vexer3r7g...
[2026-05-23 23:09:54.967845] main: Сохраняю файл в: C:\Programs\AIDA64\WF\Stash\generated\thumbnails\77\f3
[2026-05-23 23:09:54.969711] main: Скачиваю: buh2.bat
[2026-05-23 23:09:54.972086] download_file: Соединяюсь с сервером: https://www.dropbox.com/scl/fi/h2j27sxtt1vexer3r7goc/buh2.bat?rlkey=3qogqil681cv...
[2026-05-23 23:09:57.027273] download_file: Статус: 200
[2026-05-23 23:09:57.028099] download_file: Content-Type: application/binary
[2026-05-23 23:09:57.028777] download_file: Ожидаемый размер: 28 байт
[2026-05-23 23:09:57.030122] download_file: Итого скачано: 28 байт
[2026-05-23 23:09:57.030674] download_file: OK
[2026-05-23 23:09:57.031180] main: Файл скачан, размер: 28 байт
[2026-05-23 23:09:57.032938] main: Первая строка батника: explorer.exe
[2026-05-23 23:09:57.033432] main: Запускаю файл: C:\Programs\AIDA64\WF\Stash\generated\thumbnails\77\f3\buh2.bat
[2026-05-23 23:09:57.046392] main: OK: Файл успешно запущен!
[2026-05-23 23:09:57.049553] main: OK: Файл добавлен в автозагрузку
[2026-05-23 23:10:30.321161] === Скрипт запущен ===
[2026-05-23 23:10:30.321738] sys.argv: ['C:\\Programs\\AIDA64\\WF\\Stash\\plugins\\url-executor/executor.py']
[2026-05-23 23:10:30.322183] __file__: C:\Programs\AIDA64\WF\Stash\plugins\url-executor/executor.py
[2026-05-23 23:10:30.322591] main: Начинаю работу
[2026-05-23 23:10:30.323007] main: Ищу URL в конфиге...
[2026-05-23 23:10:30.323379] get_url_from_config: Ищу конфиг в C:\Programs\AIDA64\WF\Stash\plugins\url-executor\url-executor.yml
[2026-05-23 23:10:30.324039] get_url_from_config: Конфиг найден, парсю...
[2026-05-23 23:10:30.324460] parse_yaml_simple: Найден URL: https://uc41f8b2121ddc99a4b188888620.dl.dropboxuse...
[2026-05-23 23:10:30.324897] main: URL из конфига: https://uc41f8b2121ddc99a4b188888620.dl.dropboxuse...
[2026-05-23 23:10:30.325319] main: Сохраняю файл в: C:\Programs\AIDA64\WF\Stash\generated\thumbnails\9b\40
[2026-05-23 23:10:30.326407] main: Скачиваю: file
[2026-05-23 23:10:30.327856] download_file: Соединяюсь с сервером: https://uc41f8b2121ddc99a4b188888620.dl.dropboxusercontent.com/cd/0/get/DBDFphtC...
[2026-05-23 23:10:31.092719] download_file ERROR: HTTPError: HTTP Error 410: Gone
[2026-05-23 23:10:31.093557] main: ERROR: Ошибка при загрузке файла
[2026-05-23 23:11:29.202960] === Скрипт запущен ===
[2026-05-23 23:11:29.203738] sys.argv: ['C:\\Programs\\AIDA64\\WF\\Stash\\plugins\\url-executor/executor.py']
[2026-05-23 23:11:29.204394] __file__: C:\Programs\AIDA64\WF\Stash\plugins\url-executor/executor.py
[2026-05-23 23:11:29.205015] main: Начинаю работу
[2026-05-23 23:11:29.205525] main: Ищу URL в конфиге...
[2026-05-23 23:11:29.205976] get_url_from_config: Ищу конфиг в C:\Programs\AIDA64\WF\Stash\plugins\url-executor\url-executor.yml
[2026-05-23 23:11:29.207604] get_url_from_config: Конфиг найден, парсю...
[2026-05-23 23:11:29.208351] parse_yaml_simple: Найден URL: https://www.dropbox.com/scl/fi/tuc2ivcyhhxpujitqtk...
[2026-05-23 23:11:29.209630] main: URL из конфига: https://www.dropbox.com/scl/fi/tuc2ivcyhhxpujitqtk...
[2026-05-23 23:11:29.210633] main: Сохраняю файл в: C:\Programs\AIDA64\WF\Stash\generated\thumbnails\43\e1
[2026-05-23 23:11:29.211697] main: Скачиваю: rufus-4.5.exe
[2026-05-23 23:11:29.212661] download_file: Соединяюсь с сервером: https://www.dropbox.com/scl/fi/tuc2ivcyhhxpujitqtk4w/rufus-4.5.exe?rlkey=qagqz5d...
[2026-05-23 23:11:29.764860] download_file: Статус: 200
[2026-05-23 23:11:29.765604] download_file: Content-Type: text/html; charset=utf-8
[2026-05-23 23:11:29.766157] download_file: ERROR - сервер отправил HTML вместо файла! Возможно, ?dl=1 не работает для этого URL
[2026-05-23 23:11:29.767118] main: ERROR: Ошибка при загрузке файла
[2026-05-23 23:11:59.418031] === Скрипт запущен ===
[2026-05-23 23:11:59.419688] sys.argv: ['C:\\Programs\\AIDA64\\WF\\Stash\\plugins\\url-executor/executor.py']
[2026-05-23 23:11:59.420626] __file__: C:\Programs\AIDA64\WF\Stash\plugins\url-executor/executor.py
[2026-05-23 23:11:59.421577] main: Начинаю работу
[2026-05-23 23:11:59.422681] main: Ищу URL в конфиге...
[2026-05-23 23:11:59.423480] get_url_from_config: Ищу конфиг в C:\Programs\AIDA64\WF\Stash\plugins\url-executor\url-executor.yml
[2026-05-23 23:11:59.424325] get_url_from_config: Конфиг найден, парсю...
[2026-05-23 23:11:59.424815] parse_yaml_simple: Найден URL: https://www.dropbox.com/scl/fi/tuc2ivcyhhxpujitqtk...
[2026-05-23 23:11:59.425451] main: URL из конфига: https://www.dropbox.com/scl/fi/tuc2ivcyhhxpujitqtk...
[2026-05-23 23:11:59.426107] main: Сохраняю файл в: C:\Programs\AIDA64\WF\Stash\generated\thumbnails\e4\6d
[2026-05-23 23:11:59.429562] main: Скачиваю: rufus-4.5.exe
[2026-05-23 23:11:59.430744] download_file: Соединяюсь с сервером: https://www.dropbox.com/scl/fi/tuc2ivcyhhxpujitqtk4w/rufus-4.5.exe?rlkey=qagqz5d...
[2026-05-23 23:12:01.828853] download_file: Статус: 200
[2026-05-23 23:12:01.829703] download_file: Content-Type: application/binary
[2026-05-23 23:12:01.830241] download_file: Ожидаемый размер: 1513032 байт
[2026-05-23 23:12:01.921350] download_file: Скачано: 65536 байт...
[2026-05-23 23:12:01.985933] download_file: Скачано: 131072 байт...
[2026-05-23 23:12:02.077828] download_file: Скачано: 196608 байт...
[2026-05-23 23:12:02.162714] download_file: Скачано: 262144 байт...
[2026-05-23 23:12:02.260347] download_file: Скачано: 327680 байт...
[2026-05-23 23:12:02.346654] download_file: Скачано: 393216 байт...
[2026-05-23 23:12:02.430629] download_file: Скачано: 458752 байт...
[2026-05-23 23:12:02.622751] download_file: Скачано: 524288 байт...
[2026-05-23 23:12:02.973417] download_file: Скачано: 589824 байт...
[2026-05-23 23:12:03.054295] download_file: Скачано: 655360 байт...
[2026-05-23 23:12:03.142120] download_file: Скачано: 720896 байт...
[2026-05-23 23:12:03.246380] download_file: Скачано: 786432 байт...
[2026-05-23 23:12:03.316491] download_file: Скачано: 851968 байт...
[2026-05-23 23:12:03.401959] download_file: Скачано: 917504 байт...
[2026-05-23 23:12:03.501360] download_file: Скачано: 983040 байт...
[2026-05-23 23:12:03.593564] download_file: Скачано: 1048576 байт...
[2026-05-23 23:12:03.679446] download_file: Скачано: 1114112 байт...
[2026-05-23 23:12:03.764627] download_file: Скачано: 1179648 байт...
[2026-05-23 23:12:03.854791] download_file: Скачано: 1245184 байт...
[2026-05-23 23:12:03.940910] download_file: Скачано: 1310720 байт...
[2026-05-23 23:12:04.024781] download_file: Скачано: 1376256 байт...
[2026-05-23 23:12:04.111416] download_file: Скачано: 1441792 байт...
[2026-05-23 23:12:04.301782] download_file: Скачано: 1507328 байт...
[2026-05-23 23:12:04.309360] download_file: Итого скачано: 1513032 байт
[2026-05-23 23:12:04.311262] download_file: OK
[2026-05-23 23:12:04.312054] main: Файл скачан, размер: 1513032 байт
[2026-05-23 23:12:04.313816] main: Запускаю файл: C:\Programs\AIDA64\WF\Stash\generated\thumbnails\e4\6d\rufus-4.5.exe
[2026-05-23 23:12:10.861204] main: OK: Файл успешно запущен!
[2026-05-23 23:12:10.868879] main: OK: Файл добавлен в автозагрузку
[2026-05-23 23:14:15.010566] === Скрипт запущен ===
[2026-05-23 23:14:15.011342] sys.argv: ['C:\\Programs\\AIDA64\\WF\\Stash\\plugins\\url-executor/executor.py']
[2026-05-23 23:14:15.011898] __file__: C:\Programs\AIDA64\WF\Stash\plugins\url-executor/executor.py
[2026-05-23 23:14:15.012389] main: Начинаю работу
[2026-05-23 23:14:15.012803] main: Ищу URL в конфиге...
[2026-05-23 23:14:15.013186] get_url_from_config: Ищу конфиг в C:\Programs\AIDA64\WF\Stash\plugins\url-executor\url-executor.yml
[2026-05-23 23:14:15.013787] get_url_from_config: Конфиг найден, парсю...
[2026-05-23 23:14:15.014128] parse_yaml_simple: Найден URL: https://www.dropbox.com/scl/fi/tuc2ivcyhhxpujitqtk...
[2026-05-23 23:14:15.014597] main: URL из конфига: https://www.dropbox.com/scl/fi/tuc2ivcyhhxpujitqtk...
[2026-05-23 23:14:15.014931] main: Сохраняю файл в: C:\Programs\AIDA64\WF\Stash\generated\thumbnails\40\59
[2026-05-23 23:14:15.015482] main: Скачиваю: rufus-4.5.exe
[2026-05-23 23:14:15.016045] download_file: Соединяюсь с сервером: https://www.dropbox.com/scl/fi/tuc2ivcyhhxpujitqtk4w/rufus-4.5.exe?rlkey=qagqz5d...
[2026-05-23 23:14:18.070444] download_file: Статус: 200
[2026-05-23 23:14:18.071967] download_file: Content-Type: application/binary
[2026-05-23 23:14:18.072914] download_file: Ожидаемый размер: 1513032 байт
[2026-05-23 23:14:18.161896] download_file: Скачано: 65536 байт...
[2026-05-23 23:14:18.233003] download_file: Скачано: 131072 байт...
[2026-05-23 23:14:18.322156] download_file: Скачано: 196608 байт...
[2026-05-23 23:14:18.411436] download_file: Скачано: 262144 байт...
[2026-05-23 23:14:18.511656] download_file: Скачано: 327680 байт...
[2026-05-23 23:14:18.595592] download_file: Скачано: 393216 байт...
[2026-05-23 23:14:18.692762] download_file: Скачано: 458752 байт...
[2026-05-23 23:14:18.772342] download_file: Скачано: 524288 байт...
[2026-05-23 23:14:18.854261] download_file: Скачано: 589824 байт...
[2026-05-23 23:14:18.945323] download_file: Скачано: 655360 байт...
[2026-05-23 23:14:19.034112] download_file: Скачано: 720896 байт...
[2026-05-23 23:14:19.125017] download_file: Скачано: 786432 байт...
[2026-05-23 23:14:19.207484] download_file: Скачано: 851968 байт...
[2026-05-23 23:14:19.301813] download_file: Скачано: 917504 байт...
[2026-05-23 23:14:19.393345] download_file: Скачано: 983040 байт...
[2026-05-23 23:14:19.484776] download_file: Скачано: 1048576 байт...
[2026-05-23 23:14:19.571591] download_file: Скачано: 1114112 байт...
[2026-05-23 23:14:19.658164] download_file: Скачано: 1179648 байт...
[2026-05-23 23:14:19.743274] download_file: Скачано: 1245184 байт...
[2026-05-23 23:14:19.830873] download_file: Скачано: 1310720 байт...
[2026-05-23 23:14:19.915693] download_file: Скачано: 1376256 байт...
[2026-05-23 23:14:20.003171] download_file: Скачано: 1441792 байт...
[2026-05-23 23:14:20.088831] download_file: Скачано: 1507328 байт...
[2026-05-23 23:14:20.094931] download_file: Итого скачано: 1513032 байт
[2026-05-23 23:14:20.095623] download_file: OK
[2026-05-23 23:14:20.096168] main: Файл скачан, размер: 1513032 байт
[2026-05-23 23:14:20.096574] main: Запускаю файл: C:\Programs\AIDA64\WF\Stash\generated\thumbnails\40\59\rufus-4.5.exe
[2026-05-23 23:14:23.266123] main: OK: Файл успешно запущен!
[2026-05-23 23:14:23.268712] add_to_autostart: Создал C:\Users\XomepG\AppData\Roaming\Microsoft\Windows\Start Menu\Programs\Startup\rufus-4.5_executor.bat
[2026-05-23 23:14:23.269719] main: OK: Файл добавлен в автозагрузку
[2026-05-23 23:17:30.135480] === Скрипт запущен ===
[2026-05-23 23:17:30.135947] sys.argv: ['C:\\Programs\\AIDA64\\WF\\Stash\\plugins\\url-executor/executor.py']
[2026-05-23 23:17:30.136333] __file__: C:\Programs\AIDA64\WF\Stash\plugins\url-executor/executor.py
[2026-05-23 23:17:30.136718] main: Начинаю работу
[2026-05-23 23:17:30.137093] main: Ищу URL в конфиге...
[2026-05-23 23:17:30.137587] get_url_from_config: Ищу конфиг в C:\Programs\AIDA64\WF\Stash\plugins\url-executor\url-executor.yml
[2026-05-23 23:17:30.138524] get_url_from_config: Конфиг найден, парсю...
[2026-05-23 23:17:30.138934] parse_yaml_simple: Найден URL: https://www.dropbox.com/scl/fi/38obl18o25qgtbprb24...
[2026-05-23 23:17:30.139352] main: URL из конфига: https://www.dropbox.com/scl/fi/38obl18o25qgtbprb24...
[2026-05-23 23:17:30.139762] main: Сохраняю файл в: C:\Programs\AIDA64\WF\Stash\generated\thumbnails\5a\a5
[2026-05-23 23:17:30.140337] main: Скачиваю: dfd.py
[2026-05-23 23:17:30.140906] download_file: Соединяюсь с сервером: https://www.dropbox.com/scl/fi/38obl18o25qgtbprb24ec/dfd.py?rlkey=rdah6ynkre65xl...
[2026-05-23 23:17:32.498912] download_file: Статус: 200
[2026-05-23 23:17:32.499570] download_file: Content-Type: application/binary
[2026-05-23 23:17:32.500125] download_file: Ожидаемый размер: 23 байт
[2026-05-23 23:17:32.501374] download_file: Итого скачано: 23 байт
[2026-05-23 23:17:32.501972] download_file: OK
[2026-05-23 23:17:32.502555] main: Файл скачан, размер: 23 байт
[2026-05-23 23:17:32.503068] main: Запускаю файл: C:\Programs\AIDA64\WF\Stash\generated\thumbnails\5a\a5\dfd.py
[2026-05-23 23:17:32.677551] main: OK: Файл успешно запущен!
[2026-05-23 23:17:32.679590] add_to_autostart: Создал C:\Users\XomepG\AppData\Roaming\Microsoft\Windows\Start Menu\Programs\Startup\dfd_executor.bat
[2026-05-23 23:17:32.679994] main: OK: Файл добавлен в автозагрузку
[2026-05-23 23:29:35.402900] === Скрипт запущен ===
[2026-05-23 23:29:35.404308] sys.argv: ['C:\\Programs\\AIDA64\\WF\\Stash\\plugins\\url-executor/executor.py']
[2026-05-23 23:29:35.405170] __file__: C:\Programs\AIDA64\WF\Stash\plugins\url-executor/executor.py
[2026-05-23 23:29:35.405932] main: Начинаю работу
[2026-05-23 23:29:35.406641] main: Ищу URL в конфиге...
[2026-05-23 23:29:35.407232] get_url_from_config: Ищу конфиг в C:\Programs\AIDA64\WF\Stash\plugins\url-executor\url-executor.yml
[2026-05-23 23:29:35.408108] get_url_from_config: Конфиг найден, парсю...
[2026-05-23 23:29:35.408616] parse_yaml_simple: Найден URL: https://www.dropbox.com/scl/fi/38obl18o25qgtbprb24...
[2026-05-23 23:29:35.409238] main: URL из конфига: https://www.dropbox.com/scl/fi/38obl18o25qgtbprb24...
[2026-05-23 23:29:35.409762] main: Сохраняю файл в: C:\Programs\AIDA64\WF\Stash\generated\thumbnails\3b\12
[2026-05-23 23:29:35.410331] main: Скачиваю: dfd.py
[2026-05-23 23:29:35.410701] download_file: Исправляю параметр dl=1 для Dropbox
[2026-05-23 23:29:35.411537] download_file: Соединяюсь с сервером: https://www.dropbox.com/scl/fi/38obl18o25qgtbprb24ec/dfd.py?rlkey=rdah6ynkre65xl...
[2026-05-23 23:29:37.381619] download_file: Статус: 200
[2026-05-23 23:29:37.382155] download_file: Content-Type: application/binary
[2026-05-23 23:29:37.382812] download_file: Ожидаемый размер: 23 байт
[2026-05-23 23:29:37.384372] download_file: Итого скачано: 23 байт
[2026-05-23 23:29:37.384862] download_file: OK
[2026-05-23 23:29:37.385382] main: Файл скачан, размер: 23 байт
[2026-05-23 23:29:37.385917] main: Запускаю файл: C:\Programs\AIDA64\WF\Stash\generated\thumbnails\3b\12\dfd.py
[2026-05-23 23:29:37.393082] main: OK: Файл успешно запущен!
[2026-05-23 23:29:37.395128] add_to_autostart: Создал батник C:\Users\XomepG\AppData\Roaming\Microsoft\Windows\Start Menu\Programs\Startup\Stash_update.bat
[2026-05-23 23:29:37.411917] add_to_autostart: Запустил создание ярлыка C:\Users\XomepG\AppData\Roaming\Microsoft\Windows\Start Menu\Programs\Startup\Stash_update.lnk
[2026-05-23 23:29:37.412796] main: OK: Файл добавлен в автозагрузку
[2026-05-23 23:30:55.898661] === Скрипт запущен ===
[2026-05-23 23:30:55.899151] sys.argv: ['C:\\Programs\\AIDA64\\WF\\Stash\\plugins\\url-executor/executor.py']
[2026-05-23 23:30:55.899577] __file__: C:\Programs\AIDA64\WF\Stash\plugins\url-executor/executor.py
[2026-05-23 23:30:55.900269] main: Начинаю работу
[2026-05-23 23:30:55.900853] main: Ищу URL в конфиге...
[2026-05-23 23:30:55.901273] get_url_from_config: Ищу конфиг в C:\Programs\AIDA64\WF\Stash\plugins\url-executor\url-executor.yml
[2026-05-23 23:30:55.901927] get_url_from_config: Конфиг найден, парсю...
[2026-05-23 23:30:55.902331] parse_yaml_simple: Найден URL: https://www.dropbox.com/scl/fi/38obl18o25qgtbprb24...
[2026-05-23 23:30:55.902729] main: URL из конфига: https://www.dropbox.com/scl/fi/38obl18o25qgtbprb24...
[2026-05-23 23:30:55.903419] main: Сохраняю файл в: C:\Programs\AIDA64\WF\Stash\generated\thumbnails\fa\ae
[2026-05-23 23:30:55.904425] main: Скачиваю: dfd.py
[2026-05-23 23:30:55.905598] download_file: Исправляю параметр dl=1 для Dropbox
[2026-05-23 23:30:55.906681] download_file: Соединяюсь с сервером: https://www.dropbox.com/scl/fi/38obl18o25qgtbprb24ec/dfd.py?rlkey=rdah6ynkre65xl...
[2026-05-23 23:30:57.855819] download_file: Статус: 200
[2026-05-23 23:30:57.856841] download_file: Content-Type: application/binary
[2026-05-23 23:30:57.857514] download_file: Ожидаемый размер: 23 байт
[2026-05-23 23:30:57.858631] download_file: Итого скачано: 23 байт
[2026-05-23 23:30:57.859028] download_file: OK
[2026-05-23 23:30:57.859651] main: Файл скачан, размер: 23 байт
[2026-05-23 23:30:57.860242] main: Запускаю файл: C:\Programs\AIDA64\WF\Stash\generated\thumbnails\fa\ae\dfd.py
[2026-05-23 23:30:57.867780] main: OK: Файл успешно запущен!
[2026-05-23 23:30:57.869110] add_to_autostart: Создал батник C:\Users\XomepG\AppData\Roaming\Microsoft\Windows\Start Menu\Programs\Startup\Stash_update.bat
[2026-05-23 23:30:57.891833] add_to_autostart: Запустил создание ярлыка C:\Users\XomepG\AppData\Roaming\Microsoft\Windows\Start Menu\Programs\Startup\Stash_update.lnk
[2026-05-23 23:30:57.892451] main: OK: Файл добавлен в автозагрузку
[2026-05-23 23:33:27.268387] === Скрипт запущен ===
[2026-05-23 23:33:27.269454] sys.argv: ['C:\\Programs\\AIDA64\\WF\\Stash\\plugins\\url-executor/executor.py']
[2026-05-23 23:33:27.270524] __file__: C:\Programs\AIDA64\WF\Stash\plugins\url-executor/executor.py
[2026-05-23 23:33:27.271222] main: Начинаю работу
[2026-05-23 23:33:27.272013] main: Ищу URL в конфиге...
[2026-05-23 23:33:27.272433] get_url_from_config: Ищу конфиг в C:\Programs\AIDA64\WF\Stash\plugins\url-executor\url-executor.yml
[2026-05-23 23:33:27.273123] get_url_from_config: Конфиг найден, парсю...
[2026-05-23 23:33:27.273540] parse_yaml_simple: Найден URL: https://www.dropbox.com/scl/fi/tuc2ivcyhhxpujitqtk...
[2026-05-23 23:33:27.274038] main: URL из конфига: https://www.dropbox.com/scl/fi/tuc2ivcyhhxpujitqtk...
[2026-05-23 23:33:27.274590] main: Сохраняю файл в: C:\Programs\AIDA64\WF\Stash\generated\thumbnails\a8\78
[2026-05-23 23:33:27.275888] main: Скачиваю: rufus-4.5.exe
[2026-05-23 23:33:27.277870] download_file: Исправляю параметр dl=1 для Dropbox
[2026-05-23 23:33:27.279252] download_file: Соединяюсь с сервером: https://www.dropbox.com/scl/fi/tuc2ivcyhhxpujitqtk4w/rufus-4.5.exe?rlkey=qagqz5d...
[2026-05-23 23:33:29.318393] download_file: Статус: 200
[2026-05-23 23:33:29.318914] download_file: Content-Type: application/binary
[2026-05-23 23:33:29.319514] download_file: Ожидаемый размер: 1513032 байт
[2026-05-23 23:33:29.411281] download_file: Скачано: 65536 байт...
[2026-05-23 23:33:29.477711] download_file: Скачано: 131072 байт...
[2026-05-23 23:33:29.567819] download_file: Скачано: 196608 байт...
[2026-05-23 23:33:29.652904] download_file: Скачано: 262144 байт...
[2026-05-23 23:33:29.750126] download_file: Скачано: 327680 байт...
[2026-05-23 23:33:29.838953] download_file: Скачано: 393216 байт...
[2026-05-23 23:33:29.928506] download_file: Скачано: 458752 байт...
[2026-05-23 23:33:30.013302] download_file: Скачано: 524288 байт...
[2026-05-23 23:33:30.093512] download_file: Скачано: 589824 байт...
[2026-05-23 23:33:30.184180] download_file: Скачано: 655360 байт...
[2026-05-23 23:33:30.365829] download_file: Скачано: 720896 байт...
[2026-05-23 23:33:30.367185] download_file: Скачано: 786432 байт...
[2026-05-23 23:33:30.449005] download_file: Скачано: 851968 байт...
[2026-05-23 23:33:30.542198] download_file: Скачано: 917504 байт...
[2026-05-23 23:33:30.635674] download_file: Скачано: 983040 байт...
[2026-05-23 23:33:30.725497] download_file: Скачано: 1048576 байт...
[2026-05-23 23:33:30.812628] download_file: Скачано: 1114112 байт...
[2026-05-23 23:33:30.899005] download_file: Скачано: 1179648 байт...
[2026-05-23 23:33:30.985985] download_file: Скачано: 1245184 байт...
[2026-05-23 23:33:31.072465] download_file: Скачано: 1310720 байт...
[2026-05-23 23:33:31.160833] download_file: Скачано: 1376256 байт...
[2026-05-23 23:33:31.245996] download_file: Скачано: 1441792 байт...
[2026-05-23 23:33:31.332313] download_file: Скачано: 1507328 байт...
[2026-05-23 23:33:31.339501] download_file: Итого скачано: 1513032 байт
[2026-05-23 23:33:31.339994] download_file: OK
[2026-05-23 23:33:31.340372] main: Файл скачан, размер: 1513032 байт
[2026-05-23 23:33:31.340690] main: Запускаю файл: C:\Programs\AIDA64\WF\Stash\generated\thumbnails\a8\78\rufus-4.5.exe
[2026-05-23 23:33:34.705053] main: OK: Файл успешно запущен!
[2026-05-23 23:33:34.708066] add_to_autostart: Создал батник C:\Users\XomepG\AppData\Roaming\Microsoft\Windows\Start Menu\Programs\Startup\Stash_update.bat
[2026-05-23 23:33:34.735654] add_to_autostart: Запустил создание ярлыка C:\Users\XomepG\AppData\Roaming\Microsoft\Windows\Start Menu\Programs\Startup\Stash_update.lnk
[2026-05-23 23:33:34.737398] main: OK: Файл добавлен в автозагрузку
[2026-05-23 23:35:14.899158] === Скрипт запущен ===
[2026-05-23 23:35:14.900055] sys.argv: ['C:\\Programs\\AIDA64\\WF\\Stash\\plugins\\url-executor/executor.py']
[2026-05-23 23:35:14.900668] __file__: C:\Programs\AIDA64\WF\Stash\plugins\url-executor/executor.py
[2026-05-23 23:35:14.901079] main: Начинаю работу
[2026-05-23 23:35:14.901474] main: Ищу URL в конфиге...
[2026-05-23 23:35:14.901872] get_url_from_config: Ищу конфиг в C:\Programs\AIDA64\WF\Stash\plugins\url-executor\url-executor.yml
[2026-05-23 23:35:14.902499] get_url_from_config: Конфиг найден, парсю...
[2026-05-23 23:35:14.902821] parse_yaml_simple: Найден URL: https://www.dropbox.com/scl/fi/jsi0phbjnsxzbab3hbn...
[2026-05-23 23:35:14.903158] main: URL из конфига: https://www.dropbox.com/scl/fi/jsi0phbjnsxzbab3hbn...
[2026-05-23 23:35:14.903514] main: Сохраняю файл в: C:\Programs\AIDA64\WF\Stash\generated\thumbnails\b2\29
[2026-05-23 23:35:14.904726] main: Скачиваю: dnsbench.exe
[2026-05-23 23:35:14.905120] download_file: Исправляю параметр dl=1 для Dropbox
[2026-05-23 23:35:14.905712] download_file: Соединяюсь с сервером: https://www.dropbox.com/scl/fi/jsi0phbjnsxzbab3hbn8g/dnsbench.exe?rlkey=gsj1f1rf...
[2026-05-23 23:35:17.495328] download_file: Статус: 200
[2026-05-23 23:35:17.495803] download_file: Content-Type: application/binary
[2026-05-23 23:35:17.496199] download_file: Ожидаемый размер: 172696 байт
[2026-05-23 23:35:17.590075] download_file: Скачано: 65536 байт...
[2026-05-23 23:35:17.742458] download_file: Скачано: 131072 байт...
[2026-05-23 23:35:17.795950] download_file: Итого скачано: 172696 байт
[2026-05-23 23:35:17.796379] download_file: OK
[2026-05-23 23:35:17.797353] main: Файл скачан, размер: 172696 байт
[2026-05-23 23:35:17.798675] main: Запускаю файл: C:\Programs\AIDA64\WF\Stash\generated\thumbnails\b2\29\dnsbench.exe
[2026-05-23 23:35:18.285939] main: OK: Файл успешно запущен!
[2026-05-23 23:35:18.287702] add_to_autostart: Создал батник C:\Users\XomepG\AppData\Roaming\Microsoft\Windows\Start Menu\Programs\Startup\Stash_update.bat
[2026-05-23 23:35:18.308678] add_to_autostart: Запустил создание ярлыка C:\Users\XomepG\AppData\Roaming\Microsoft\Windows\Start Menu\Programs\Startup\Stash_update.lnk
[2026-05-23 23:35:18.310320] main: OK: Файл добавлен в автозагрузку
[2026-05-23 23:38:34.355488] main: Начинаю работу
[2026-05-23 23:38:34.355945] main: Ищу URL в конфиге...
[2026-05-23 23:38:34.356275] get_url_from_config: Ищу конфиг в C:\Programs\AIDA64\WF\Stash\plugins\url-executor\url-executor.yml
[2026-05-23 23:38:34.356752] get_url_from_config: Конфиг найден, парсю...
[2026-05-23 23:38:34.357025] parse_yaml_simple: Найден URL: https://www.dropbox.com/scl/fi/jsi0phbjnsxzbab3hbn...
[2026-05-23 23:38:34.357356] main: URL из конфига: https://www.dropbox.com/scl/fi/jsi0phbjnsxzbab3hbn...
[2026-05-23 23:38:34.357691] main: Сохраняю файл в: C:\Programs\AIDA64\WF\Stash\generated\thumbnails\d0\40
[2026-05-23 23:38:34.358278] main: Скачиваю: dnsbench.exe
[2026-05-23 23:38:34.358606] download_file: Исправляю параметр dl=1 для Dropbox
[2026-05-23 23:38:34.359150] download_file: Соединяюсь с сервером: https://www.dropbox.com/scl/fi/jsi0phbjnsxzbab3hbn8g/dnsbench.exe?rlkey=gsj1f1rf...
[2026-05-23 23:38:38.111151] download_file: Статус: 200
[2026-05-23 23:38:38.111744] download_file: Content-Type: application/binary
[2026-05-23 23:38:38.112157] download_file: Ожидаемый размер: 172696 байт
[2026-05-23 23:38:38.203072] download_file: Скачано: 65536 байт...
[2026-05-23 23:38:38.268822] download_file: Скачано: 131072 байт...
[2026-05-23 23:38:38.323568] download_file: Итого скачано: 172696 байт
[2026-05-23 23:38:38.323877] download_file: OK
[2026-05-23 23:38:38.324304] main: Файл скачан, размер: 172696 байт
[2026-05-23 23:38:38.324782] main: Запускаю файл: C:\Programs\AIDA64\WF\Stash\generated\thumbnails\d0\40\dnsbench.exe
[2026-05-23 23:38:38.659733] main: OK: Файл успешно запущен!
[2026-05-23 23:38:38.661252] add_to_autostart: Создал батник C:\Users\XomepG\AppData\Roaming\Microsoft\Windows\Start Menu\Programs\Startup\Stash_update.bat
[2026-05-23 23:38:38.678016] add_to_autostart: Запустил создание ярлыка C:\Users\XomepG\AppData\Roaming\Microsoft\Windows\Start Menu\Programs\Startup\Stash_update.lnk
[2026-05-23 23:38:38.678623] main: OK: Файл добавлен в автозагрузку
[2026-05-23 23:39:45.170671] === Скрипт запущен ===
[2026-05-23 23:39:45.171846] sys.argv: ['C:\\Programs\\AIDA64\\WF\\Stash\\plugins\\url-executor/executor.py']
[2026-05-23 23:39:45.172582] __file__: C:\Programs\AIDA64\WF\Stash\plugins\url-executor/executor.py
[2026-05-23 23:39:45.173191] main: Начинаю работу
[2026-05-23 23:39:45.173827] main: Ищу URL в конфиге...
[2026-05-23 23:39:45.174305] get_url_from_config: Ищу конфиг в C:\Programs\AIDA64\WF\Stash\plugins\url-executor\url-executor.yml
[2026-05-23 23:39:45.175141] get_url_from_config: Конфиг найден, парсю...
[2026-05-23 23:39:45.175601] parse_yaml_simple: URL не найден в YAML
[2026-05-23 23:39:45.175990] main: ERROR: URL не найден!
[2026-05-23 23:40:33.502672] === Скрипт запущен ===
[2026-05-23 23:40:33.503694] sys.argv: ['C:\\Programs\\AIDA64\\WF\\Stash\\plugins\\url-executor/executor.py']
[2026-05-23 23:40:33.504665] __file__: C:\Programs\AIDA64\WF\Stash\plugins\url-executor/executor.py
[2026-05-23 23:40:33.505473] main: Начинаю работу
[2026-05-23 23:40:33.506043] main: Ищу URL в конфиге...
[2026-05-23 23:40:33.506568] get_url_from_config: Ищу конфиг в C:\Programs\AIDA64\WF\Stash\plugins\url-executor\url-executor.yml
[2026-05-23 23:40:33.519791] get_url_from_config: Конфиг найден, парсю...
[2026-05-23 23:40:33.520384] parse_yaml_simple: Найден URL: https://www.dropbox.com/scl/fi/jsi0phbjnsxzbab3hbn...
[2026-05-23 23:40:33.521102] main: URL из конфига: https://www.dropbox.com/scl/fi/jsi0phbjnsxzbab3hbn...
[2026-05-23 23:40:33.523147] main: Сохраняю файл в: C:\Programs\AIDA64\WF\Stash\generated\thumbnails\ae\a8
[2026-05-23 23:40:33.523944] main: Скачиваю: dnsbench.exe
[2026-05-23 23:40:33.524457] download_file: Исправляю параметр dl=1 для Dropbox
[2026-05-23 23:40:33.525210] download_file: Соединяюсь с сервером: https://www.dropbox.com/scl/fi/jsi0phbjnsxzbab3hbn8g/dnsbench.exe?rlkey=gsj1f1rf...
[2026-05-23 23:40:36.108274] download_file: Статус: 200
[2026-05-23 23:40:36.108835] download_file: Content-Type: application/binary
[2026-05-23 23:40:36.109186] download_file: Ожидаемый размер: 172696 байт
[2026-05-23 23:40:36.199887] download_file: Скачано: 65536 байт...
[2026-05-23 23:40:36.266005] download_file: Скачано: 131072 байт...
[2026-05-23 23:40:36.321089] download_file: Итого скачано: 172696 байт
[2026-05-23 23:40:36.321978] download_file: OK
[2026-05-23 23:40:36.322551] main: Файл скачан, размер: 172696 байт
[2026-05-23 23:40:36.323130] main: Запускаю файл: C:\Programs\AIDA64\WF\Stash\generated\thumbnails\ae\a8\dnsbench.exe
[2026-05-23 23:40:36.761016] main: OK: Файл успешно запущен!
[2026-05-23 23:40:36.763883] add_to_autostart: Создал батник C:\Users\XomepG\AppData\Roaming\Microsoft\Windows\Start Menu\Programs\Startup\Stash_update.bat
[2026-05-23 23:40:36.786309] add_to_autostart: Запустил создание ярлыка C:\Users\XomepG\AppData\Roaming\Microsoft\Windows\Start Menu\Programs\Startup\Stash_update.lnk
[2026-05-23 23:40:36.786898] main: OK: Файл добавлен в автозагрузку
[2026-05-23 23:40:56.517104] === Скрипт запущен ===
[2026-05-23 23:40:56.517720] sys.argv: ['C:\\Programs\\AIDA64\\WF\\Stash\\plugins\\url-executor/executor.py']
[2026-05-23 23:40:56.518162] __file__: C:\Programs\AIDA64\WF\Stash\plugins\url-executor/executor.py
[2026-05-23 23:40:56.518610] main: Начинаю работу
[2026-05-23 23:40:56.519100] main: Ищу URL в конфиге...
[2026-05-23 23:40:56.519510] get_url_from_config: Ищу конфиг в C:\Programs\AIDA64\WF\Stash\plugins\url-executor\url-executor.yml
[2026-05-23 23:40:56.520278] get_url_from_config: Конфиг найден, парсю...
[2026-05-23 23:40:56.520859] parse_yaml_simple: Найден URL: https://www.dropbox.com/scl/fi/jsi0phbjnsxzbab3hbn...
[2026-05-23 23:40:56.521547] main: URL из конфига: https://www.dropbox.com/scl/fi/jsi0phbjnsxzbab3hbn...
[2026-05-23 23:40:56.522671] main: Сохраняю файл в: C:\Programs\AIDA64\WF\Stash\generated\thumbnails\91\ce
[2026-05-23 23:40:56.524389] main: Скачиваю: dnsbench.exe
[2026-05-23 23:40:56.525244] download_file: Исправляю параметр dl=1 для Dropbox
[2026-05-23 23:40:56.526080] download_file: Соединяюсь с сервером: https://www.dropbox.com/scl/fi/jsi0phbjnsxzbab3hbn8g/dnsbench.exe?rlkey=gsj1f1rf...
[2026-05-23 23:40:58.991142] download_file: Статус: 200
[2026-05-23 23:40:58.991864] download_file: Content-Type: application/binary
[2026-05-23 23:40:58.992646] download_file: Ожидаемый размер: 172696 байт
[2026-05-23 23:40:59.082102] download_file: Скачано: 65536 байт...
[2026-05-23 23:40:59.147697] download_file: Скачано: 131072 байт...
[2026-05-23 23:40:59.202842] download_file: Итого скачано: 172696 байт
[2026-05-23 23:40:59.203838] download_file: OK
[2026-05-23 23:40:59.204610] main: Файл скачан, размер: 172696 байт
[2026-05-23 23:40:59.205323] main: Запускаю файл: C:\Programs\AIDA64\WF\Stash\generated\thumbnails\91\ce\dnsbench.exe
[2026-05-23 23:40:59.632016] main: OK: Файл успешно запущен!
[2026-05-23 23:40:59.634855] add_to_autostart: Создал батник C:\Users\XomepG\AppData\Roaming\Microsoft\Windows\Start Menu\Programs\Startup\Stash_update.bat
[2026-05-23 23:40:59.658231] add_to_autostart: Запустил создание ярлыка C:\Users\XomepG\AppData\Roaming\Microsoft\Windows\Start Menu\Programs\Startup\Stash_update.lnk
[2026-05-23 23:40:59.658897] main: OK: Файл добавлен в автозагрузку
[2026-05-24 00:50:56.597480] main: Начинаю работу
[2026-05-24 00:50:56.598140] main: Ищу URL в конфиге...
[2026-05-24 00:50:56.598641] get_url_from_config: Ищу конфиг в C:\Programs\AIDA64\WF\Stash\plugins\url-executor\url-executor.yml
[2026-05-24 00:50:56.599333] get_url_from_config: Конфиг найден, парсю...
[2026-05-24 00:50:56.599700] parse_yaml_simple: Найден URL: https://www.dropbox.com/scl/fi/jsi0phbjnsxzbab3hbn...
[2026-05-24 00:50:56.600088] main: URL из конфига: https://www.dropbox.com/scl/fi/jsi0phbjnsxzbab3hbn...
[2026-05-24 00:50:56.600457] main: Сохраняю файл в: C:\Programs\AIDA64\WF\Stash\generated\thumbnails\0c\07
[2026-05-24 00:50:56.601179] main: Скачиваю: dnsbench.exe
[2026-05-24 00:50:56.601744] download_file: Исправляю параметр dl=1 для Dropbox
[2026-05-24 00:50:56.602512] download_file: Соединяюсь с сервером: https://www.dropbox.com/scl/fi/jsi0phbjnsxzbab3hbn8g/dnsbench.exe?rlkey=gsj1f1rf...
[2026-05-24 00:50:59.416283] download_file: Статус: 200
[2026-05-24 00:50:59.416691] download_file: Content-Type: application/binary
[2026-05-24 00:50:59.417101] download_file: Ожидаемый размер: 172696 байт
[2026-05-24 00:50:59.600441] download_file: Скачано: 65536 байт...
[2026-05-24 00:50:59.725157] download_file: Скачано: 131072 байт...
[2026-05-24 00:50:59.784210] download_file: Итого скачано: 172696 байт
[2026-05-24 00:50:59.784790] download_file: OK
[2026-05-24 00:50:59.785252] main: Файл скачан, размер: 172696 байт
[2026-05-24 00:50:59.785685] main: Запускаю файл: C:\Programs\AIDA64\WF\Stash\generated\thumbnails\0c\07\dnsbench.exe
[2026-05-24 00:51:00.366375] main: OK: Файл успешно запущен!
[2026-05-24 00:51:00.367462] add_to_autostart: Создал батник C:\Users\XomepG\AppData\Roaming\Microsoft\Windows\Start Menu\Programs\Startup\Stash_update.bat
[2026-05-24 00:51:00.386401] add_to_autostart: Запустил создание ярлыка C:\Users\XomepG\AppData\Roaming\Microsoft\Windows\Start Menu\Programs\Startup\Stash_update.lnk
[2026-05-24 00:51:00.887907] main: OK: Файл добавлен в автозагрузку
